<?xml version="1.0" encoding="UTF-8"?>
<!-- Generated by org.testng.reporters.JUnitReportReporter -->
<testsuite hostname="Archana" failures="0" tests="3" name="com.Ecommerce.InstaSnap.ProductTest.VerifyKidsProduct" time="0.011" errors="0" timestamp="2024-11-07T16:18:38 IST" skipped="0">
  <testcase classname="com.Ecommerce.InstaSnap.ProductTest.VerifyKidsProduct" name="createProduct" time="0.004"/>
  <system-out>
    <![CDATA[kids product created]]>
  </system-out>
  <testcase classname="com.Ecommerce.InstaSnap.ProductTest.VerifyKidsProduct" name="updateProduct" time="0.003"/>
  <system-out>
    <![CDATA[kids product updated]]>
  </system-out>
  <testcase classname="com.Ecommerce.InstaSnap.ProductTest.VerifyKidsProduct" name="updateProduct" time="0.004"/>
  <system-out>
    <![CDATA[kids product updated]]>
  </system-out>
</testsuite> <!-- com.Ecommerce.InstaSnap.ProductTest.VerifyKidsProduct -->
