<?xml version="1.0" encoding="UTF-8"?>
<!-- Generated by org.testng.reporters.JUnitReportReporter -->
<testsuite hostname="Archana" failures="0" tests="1" name="Demo.DemoTest" time="17.925" errors="0" timestamp="2024-11-05T17:17:33 IST" skipped="0">
  <testcase classname="Demo.DemoTest" name="verify" time="17.925"/>
  <system-out/>
</testsuite> <!-- Demo.DemoTest -->
